<?xml version="1.0" encoding="UTF-8"?>
<testsuite name="com.pichincha.spfmsaapexcoreservice.service.impl.TransactionServiceImplTest" tests="11" skipped="0" failures="0" errors="0" timestamp="2025-10-22T03:10:02.187Z" hostname="DESKTOP-58RNR6C" time="0.812">
  <properties/>
  <testcase name="createTransaction_Withdrawal_ShouldDecreaseBalance()" classname="com.pichincha.spfmsaapexcoreservice.service.impl.TransactionServiceImplTest" time="0.717"/>
  <testcase name="deleteTransaction_ShouldRecalculateSubsequentBalances()" classname="com.pichincha.spfmsaapexcoreservice.service.impl.TransactionServiceImplTest" time="0.017"/>
  <testcase name="createTransaction_WithNullAccount_ShouldThrowException()" classname="com.pichincha.spfmsaapexcoreservice.service.impl.TransactionServiceImplTest" time="0.012"/>
  <testcase name="findTransactionById_WithExistingId_ShouldReturnTransaction()" classname="com.pichincha.spfmsaapexcoreservice.service.impl.TransactionServiceImplTest" time="0.009"/>
  <testcase name="createTransaction_WithInsufficientBalance_ShouldThrowException()" classname="com.pichincha.spfmsaapexcoreservice.service.impl.TransactionServiceImplTest" time="0.005"/>
  <testcase name="createTransaction_Deposit_ShouldIncreaseBalance()" classname="com.pichincha.spfmsaapexcoreservice.service.impl.TransactionServiceImplTest" time="0.004"/>
  <testcase name="updateTransaction_ShouldRecalculateSubsequentBalances()" classname="com.pichincha.spfmsaapexcoreservice.service.impl.TransactionServiceImplTest" time="0.005"/>
  <testcase name="getAllTransactions_ShouldReturnAllTransactions()" classname="com.pichincha.spfmsaapexcoreservice.service.impl.TransactionServiceImplTest" time="0.021"/>
  <testcase name="findTransactionById_WithNonExistingId_ShouldReturnEmpty()" classname="com.pichincha.spfmsaapexcoreservice.service.impl.TransactionServiceImplTest" time="0.004"/>
  <testcase name="createTransaction_WithNonExistentAccount_ShouldThrowException()" classname="com.pichincha.spfmsaapexcoreservice.service.impl.TransactionServiceImplTest" time="0.004"/>
  <testcase name="createTransaction_WithPreviousTransactions_ShouldCalculateCorrectBalance()" classname="com.pichincha.spfmsaapexcoreservice.service.impl.TransactionServiceImplTest" time="0.004"/>
  <system-out><![CDATA[2025-10-21 22:10:02 - Transaction created with ID: 1
2025-10-21 22:10:02 - Deleting transaction ID: 2
2025-10-21 22:10:02 - Account is required for transaction
2025-10-21 22:10:02 - Insufficient balance. Current: 1000.0, Withdrawal: -1500.0, Result: -500.0
2025-10-21 22:10:02 - Transaction created with ID: 1
2025-10-21 22:10:02 - Updating transaction ID: 2
2025-10-21 22:10:02 - Transaction updated: 2
2025-10-21 22:10:02 - Account not found with ID: 1
2025-10-21 22:10:02 - Transaction created with ID: 2
]]></system-out>
  <system-err><![CDATA[]]></system-err>
</testsuite>
